# JRE version: Java(TM) SE Runtime Environment (7.0_60-b19) (build 1.7.0_60-b19)
# Java VM: Java HotSpot(TM) 64-Bit Server VM (24.60-b09 mixed mode windows-amd64 compressed oops)
Heap
 PSYoungGen      total 112128K, used 42688K [0x00000000eaa80000, 0x00000000f9780000, 0x0000000100000000)
  eden space 99328K, 30% used [0x00000000eaa80000,0x00000000ec7b6678,0x00000000f0b80000)
  from space 12800K, 99% used [0x00000000f0b80000,0x00000000f17f9d28,0x00000000f1800000)
  to   space 22016K, 0% used [0x00000000f8200000,0x00000000f8200000,0x00000000f9780000)
 ParOldGen       total 64512K, used 35437K [0x00000000c0000000, 0x00000000c3f00000, 0x00000000eaa80000)
  object space 64512K, 54% used [0x00000000c0000000,0x00000000c229b660,0x00000000c3f00000)
 PSPermGen       total 21504K, used 5751K [0x00000000bae00000, 0x00000000bc300000, 0x00000000c0000000)
  object space 21504K, 26% used [0x00000000bae00000,0x00000000bb39de88,0x00000000bc300000)
GC Heap History (10 events):
Event: 3.351 GC heap before
{Heap before GC invocations=3 (full 0):
 PSYoungGen      total 28672K, used 28647K [0x00000000eaa80000, 0x00000000ee280000, 0x0000000100000000)
  eden space 25088K, 100% used [0x00000000eaa80000,0x00000000ec300000,0x00000000ec300000)
  from space 3584K, 99% used [0x00000000ec680000,0x00000000ec9f9c98,0x00000000eca00000)
  to   space 3584K, 0% used [0x00000000ec300000,0x00000000ec300000,0x00000000ec680000)
 ParOldGen       total 64512K, used 5636K [0x00000000c0000000, 0x00000000c3f00000, 0x00000000eaa80000)
  object space 64512K, 8% used [0x00000000c0000000,0x00000000c05812b8,0x00000000c3f00000)
 PSPermGen       total 21504K, used 5600K [0x00000000bae00000, 0x00000000bc300000, 0x00000000c0000000)
  object space 21504K, 26% used [0x00000000bae00000,0x00000000bb378178,0x00000000bc300000)
Event: 3.362 GC heap after
Heap after GC invocations=3 (full 0):
 PSYoungGen      total 28672K, used 3554K [0x00000000eaa80000, 0x00000000ee280000, 0x0000000100000000)
  eden space 25088K, 0% used [0x00000000eaa80000,0x00000000eaa80000,0x00000000ec300000)
  from space 3584K, 99% used [0x00000000ec300000,0x00000000ec678a80,0x00000000ec680000)
  to   space 3584K, 0% used [0x00000000edf00000,0x00000000edf00000,0x00000000ee280000)
 ParOldGen       total 64512K, used 9063K [0x00000000c0000000, 0x00000000c3f00000, 0x00000000eaa80000)
  object space 64512K, 14% used [0x00000000c0000000,0x00000000c08d9c88,0x00000000c3f00000)
 PSPermGen       total 21504K, used 5600K [0x00000000bae00000, 0x00000000bc300000, 0x00000000c0000000)
  object space 21504K, 26% used [0x00000000bae00000,0x00000000bb378178,0x00000000bc300000)
}
Event: 3.674 GC heap before
{Heap before GC invocations=4 (full 0):
 PSYoungGen      total 28672K, used 28642K [0x00000000eaa80000, 0x00000000ee280000, 0x0000000100000000)
  eden space 25088K, 100% used [0x00000000eaa80000,0x00000000ec300000,0x00000000ec300000)
  from space 3584K, 99% used [0x00000000ec300000,0x00000000ec678a80,0x00000000ec680000)
  to   space 3584K, 0% used [0x00000000edf00000,0x00000000edf00000,0x00000000ee280000)
 ParOldGen       total 64512K, used 9063K [0x00000000c0000000, 0x00000000c3f00000, 0x00000000eaa80000)
  object space 64512K, 14% used [0x00000000c0000000,0x00000000c08d9c88,0x00000000c3f00000)
 PSPermGen       total 21504K, used 5623K [0x00000000bae00000, 0x00000000bc300000, 0x00000000c0000000)
  object space 21504K, 26% used [0x00000000bae00000,0x00000000bb37dd98,0x00000000bc300000)
Event: 3.688 GC heap after
Heap after GC invocations=4 (full 0):
 PSYoungGen      total 53760K, used 3573K [0x00000000eaa80000, 0x00000000ee280000, 0x0000000100000000)
  eden space 50176K, 0% used [0x00000000eaa80000,0x00000000eaa80000,0x00000000edb80000)
  from space 3584K, 99% used [0x00000000edf00000,0x00000000ee27d6a0,0x00000000ee280000)
  to   space 3584K, 0% used [0x00000000edb80000,0x00000000edb80000,0x00000000edf00000)
 ParOldGen       total 64512K, used 12576K [0x00000000c0000000, 0x00000000c3f00000, 0x00000000eaa80000)
  object space 64512K, 19% used [0x00000000c0000000,0x00000000c0c48168,0x00000000c3f00000)
 PSPermGen       total 21504K, used 5623K [0x00000000bae00000, 0x00000000bc300000, 0x00000000c0000000)
  object space 21504K, 26% used [0x00000000bae00000,0x00000000bb37dd98,0x00000000bc300000)
}
Event: 4.293 GC heap before
{Heap before GC invocations=5 (full 0):
 PSYoungGen      total 53760K, used 53749K [0x00000000eaa80000, 0x00000000ee280000, 0x0000000100000000)
  eden space 50176K, 100% used [0x00000000eaa80000,0x00000000edb80000,0x00000000edb80000)
  from space 3584K, 99% used [0x00000000edf00000,0x00000000ee27d6a0,0x00000000ee280000)
  to   space 3584K, 0% used [0x00000000edb80000,0x00000000edb80000,0x00000000edf00000)
 ParOldGen       total 64512K, used 12576K [0x00000000c0000000, 0x00000000c3f00000, 0x00000000eaa80000)
  object space 64512K, 19% used [0x00000000c0000000,0x00000000c0c48168,0x00000000c3f00000)
 PSPermGen       total 21504K, used 5666K [0x00000000bae00000, 0x00000000bc300000, 0x00000000c0000000)
  object space 21504K, 26% used [0x00000000bae00000,0x00000000bb388a60,0x00000000bc300000)
Event: 4.319 GC heap after
Heap after GC invocations=5 (full 0):
 PSYoungGen      total 53760K, used 3576K [0x00000000eaa80000, 0x00000000f2380000, 0x0000000100000000)
  eden space 50176K, 0% used [0x00000000eaa80000,0x00000000eaa80000,0x00000000edb80000)
  from space 3584K, 99% used [0x00000000edb80000,0x00000000edefe1b0,0x00000000edf00000)
  to   space 11776K, 0% used [0x00000000f1800000,0x00000000f1800000,0x00000000f2380000)
 ParOldGen       total 64512K, used 21043K [0x00000000c0000000, 0x00000000c3f00000, 0x00000000eaa80000)
  object space 64512K, 32% used [0x00000000c0000000,0x00000000c148cc68,0x00000000c3f00000)
 PSPermGen       total 21504K, used 5666K [0x00000000bae00000, 0x00000000bc300000, 0x00000000c0000000)
  object space 21504K, 26% used [0x00000000bae00000,0x00000000bb388a60,0x00000000bc300000)
}
Event: 4.870 GC heap before
{Heap before GC invocations=6 (full 0):
 PSYoungGen      total 53760K, used 53752K [0x00000000eaa80000, 0x00000000f2380000, 0x0000000100000000)
  eden space 50176K, 100% used [0x00000000eaa80000,0x00000000edb80000,0x00000000edb80000)
  from space 3584K, 99% used [0x00000000edb80000,0x00000000edefe1b0,0x00000000edf00000)
  to   space 11776K, 0% used [0x00000000f1800000,0x00000000f1800000,0x00000000f2380000)
 ParOldGen       total 64512K, used 21043K [0x00000000c0000000, 0x00000000c3f00000, 0x00000000eaa80000)
  object space 64512K, 32% used [0x00000000c0000000,0x00000000c148cc68,0x00000000c3f00000)
 PSPermGen       total 21504K, used 5694K [0x00000000bae00000, 0x00000000bc300000, 0x00000000c0000000)
  object space 21504K, 26% used [0x00000000bae00000,0x00000000bb38f898,0x00000000bc300000)
Event: 4.922 GC heap after
Heap after GC invocations=6 (full 0):
 PSYoungGen      total 111104K, used 11480K [0x00000000eaa80000, 0x00000000f2580000, 0x0000000100000000)
  eden space 99328K, 0% used [0x00000000eaa80000,0x00000000eaa80000,0x00000000f0b80000)
  from space 11776K, 97% used [0x00000000f1800000,0x00000000f23361c0,0x00000000f2380000)
  to   space 12800K, 0% used [0x00000000f0b80000,0x00000000f0b80000,0x00000000f1800000)
 ParOldGen       total 64512K, used 21043K [0x00000000c0000000, 0x00000000c3f00000, 0x00000000eaa80000)
  object space 64512K, 32% used [0x00000000c0000000,0x00000000c148cc68,0x00000000c3f00000)
 PSPermGen       total 21504K, used 5694K [0x00000000bae00000, 0x00000000bc300000, 0x00000000c0000000)
  object space 21504K, 26% used [0x00000000bae00000,0x00000000bb38f898,0x00000000bc300000)
}
Event: 5.480 GC heap before
{Heap before GC invocations=7 (full 0):
 PSYoungGen      total 111104K, used 110808K [0x00000000eaa80000, 0x00000000f2580000, 0x0000000100000000)
  eden space 99328K, 100% used [0x00000000eaa80000,0x00000000f0b80000,0x00000000f0b80000)
  from space 11776K, 97% used [0x00000000f1800000,0x00000000f23361c0,0x00000000f2380000)
  to   space 12800K, 0% used [0x00000000f0b80000,0x00000000f0b80000,0x00000000f1800000)
 ParOldGen       total 64512K, used 21043K [0x00000000c0000000, 0x00000000c3f00000, 0x00000000eaa80000)
  object space 64512K, 32% used [0x00000000c0000000,0x00000000c148cc68,0x00000000c3f00000)
 PSPermGen       total 21504K, used 5745K [0x00000000bae00000, 0x00000000bc300000, 0x00000000c0000000)
  object space 21504K, 26% used [0x00000000bae00000,0x00000000bb39c500,0x00000000bc300000)
Event: 5.531 GC heap after
Heap after GC invocations=7 (full 0):
 PSYoungGen      total 112128K, used 12775K [0x00000000eaa80000, 0x00000000f9780000, 0x0000000100000000)
  eden space 99328K, 0% used [0x00000000eaa80000,0x00000000eaa80000,0x00000000f0b80000)
  from space 12800K, 99% used [0x00000000f0b80000,0x00000000f17f9d28,0x00000000f1800000)
  to   space 22016K, 0% used [0x00000000f8200000,0x00000000f8200000,0x00000000f9780000)
 ParOldGen       total 64512K, used 35437K [0x00000000c0000000, 0x00000000c3f00000, 0x00000000eaa80000)
  object space 64512K, 54% used [0x00000000c0000000,0x00000000c229b660,0x00000000c3f00000)
 PSPermGen       total 21504K, used 5745K [0x00000000bae00000, 0x00000000bc300000, 0x00000000c0000000)
  object space 21504K, 26% used [0x00000000bae00000,0x00000000bb39c500,0x00000000bc300000)
}

